Font_CascadiaCove|$HOME/.local/share/fonts
Font_MaterialDesign|$HOME/.local/share/fonts
Font_JetBrainsMono|$HOME/.local/share/fonts
Font_MapleNerd|$HOME/.local/share/fonts
Font_MononokiNerd|$HOME/.local/share/fonts
Font_UzumasaMini|/usr/share/fonts
Gtk_CatppuccinMocha|/usr/share/themes
Gtk_CatppuccinLatte|/usr/share/themes
Gtk_Gruvbox|/usr/share/themes
Icon_TelaDracula|/usr/share/icons
Icon_Gruvbox|/usr/share/icons
Cursor_BibataIce|/usr/share/icons
Gtk_CatppuccinMocha|$HOME/.themes
Gtk_CatppuccinLatte|$HOME/.themes
Gtk_Gruvbox|$HOME/.themes
Icon_TelaDracula|$HOME/.icons
Icon_Gruvbox_GTK|$HOME/.icons
Cursor_BibataIce|$HOME/.icons
Grub_Pochita|/usr/share/grub/themes
Sddm_Corners|/usr/share/sddm/themes
